# JRE version: Java(TM) SE Runtime Environment (7.0_79-b15) (build 1.7.0_79-b15)
# Java VM: Java HotSpot(TM) 64-Bit Server VM (24.79-b02 mixed mode windows-amd64 compressed oops)
Heap
 PSYoungGen      total 113664K, used 56952K [0x00000000eaa80000, 0x00000000f2280000, 0x0000000100000000)
  eden space 104448K, 45% used [0x00000000eaa80000,0x00000000ed925c90,0x00000000f1080000)
  from space 9216K, 99% used [0x00000000f1080000,0x00000000f19786f0,0x00000000f1980000)
  to   space 8704K, 0% used [0x00000000f1a00000,0x00000000f1a00000,0x00000000f2280000)
 ParOldGen       total 40960K, used 26044K [0x00000000c0000000, 0x00000000c2800000, 0x00000000eaa80000)
  object space 40960K, 63% used [0x00000000c0000000,0x00000000c196f0b0,0x00000000c2800000)
 PSPermGen       total 38400K, used 38022K [0x00000000b0000000, 0x00000000b2580000, 0x00000000c0000000)
  object space 38400K, 99% used [0x00000000b0000000,0x00000000b2521a30,0x00000000b2580000)
GC Heap History (10 events):
Event: 10.443 GC heap before
{Heap before GC invocations=13 (full 0):
 PSYoungGen      total 47616K, used 40704K [0x00000000eaa80000, 0x00000000ee000000, 0x0000000100000000)
  eden space 40448K, 100% used [0x00000000eaa80000,0x00000000ed200000,0x00000000ed200000)
  from space 7168K, 3% used [0x00000000ed900000,0x00000000ed940000,0x00000000ee000000)
  to   space 7168K, 0% used [0x00000000ed200000,0x00000000ed200000,0x00000000ed900000)
 ParOldGen       total 40960K, used 12583K [0x00000000c0000000, 0x00000000c2800000, 0x00000000eaa80000)
  object space 40960K, 30% used [0x00000000c0000000,0x00000000c0c49cf8,0x00000000c2800000)
 PSPermGen       total 21504K, used 20187K [0x00000000b0000000, 0x00000000b1500000, 0x00000000c0000000)
  object space 21504K, 93% used [0x00000000b0000000,0x00000000b13b6fa0,0x00000000b1500000)
Event: 10.447 GC heap after
Heap after GC invocations=13 (full 0):
 PSYoungGen      total 47616K, used 576K [0x00000000eaa80000, 0x00000000ef800000, 0x0000000100000000)
  eden space 40448K, 0% used [0x00000000eaa80000,0x00000000eaa80000,0x00000000ed200000)
  from space 7168K, 8% used [0x00000000ed200000,0x00000000ed290010,0x00000000ed900000)
  to   space 7168K, 0% used [0x00000000ef100000,0x00000000ef100000,0x00000000ef800000)
 ParOldGen       total 40960K, used 12799K [0x00000000c0000000, 0x00000000c2800000, 0x00000000eaa80000)
  object space 40960K, 31% used [0x00000000c0000000,0x00000000c0c7fcf8,0x00000000c2800000)
 PSPermGen       total 21504K, used 20187K [0x00000000b0000000, 0x00000000b1500000, 0x00000000c0000000)
  object space 21504K, 93% used [0x00000000b0000000,0x00000000b13b6fa0,0x00000000b1500000)
}
Event: 13.330 GC heap before
{Heap before GC invocations=14 (full 0):
 PSYoungGen      total 47616K, used 41024K [0x00000000eaa80000, 0x00000000ef800000, 0x0000000100000000)
  eden space 40448K, 100% used [0x00000000eaa80000,0x00000000ed200000,0x00000000ed200000)
  from space 7168K, 8% used [0x00000000ed200000,0x00000000ed290010,0x00000000ed900000)
  to   space 7168K, 0% used [0x00000000ef100000,0x00000000ef100000,0x00000000ef800000)
 ParOldGen       total 40960K, used 12799K [0x00000000c0000000, 0x00000000c2800000, 0x00000000eaa80000)
  object space 40960K, 31% used [0x00000000c0000000,0x00000000c0c7fcf8,0x00000000c2800000)
 PSPermGen       total 22016K, used 21993K [0x00000000b0000000, 0x00000000b1580000, 0x00000000c0000000)
  object space 22016K, 99% used [0x00000000b0000000,0x00000000b157a6d0,0x00000000b1580000)
Event: 13.341 GC heap after
Heap after GC invocations=14 (full 0):
 PSYoungGen      total 72192K, used 3812K [0x00000000eaa80000, 0x00000000ef800000, 0x0000000100000000)
  eden space 65024K, 0% used [0x00000000eaa80000,0x00000000eaa80000,0x00000000eea00000)
  from space 7168K, 53% used [0x00000000ef100000,0x00000000ef4b9070,0x00000000ef800000)
  to   space 7168K, 0% used [0x00000000eea00000,0x00000000eea00000,0x00000000ef100000)
 ParOldGen       total 40960K, used 13335K [0x00000000c0000000, 0x00000000c2800000, 0x00000000eaa80000)
  object space 40960K, 32% used [0x00000000c0000000,0x00000000c0d05d08,0x00000000c2800000)
 PSPermGen       total 22016K, used 21993K [0x00000000b0000000, 0x00000000b1580000, 0x00000000c0000000)
  object space 22016K, 99% used [0x00000000b0000000,0x00000000b157a6d0,0x00000000b1580000)
}
Event: 16.331 GC heap before
{Heap before GC invocations=15 (full 0):
 PSYoungGen      total 72192K, used 68836K [0x00000000eaa80000, 0x00000000ef800000, 0x0000000100000000)
  eden space 65024K, 100% used [0x00000000eaa80000,0x00000000eea00000,0x00000000eea00000)
  from space 7168K, 53% used [0x00000000ef100000,0x00000000ef4b9070,0x00000000ef800000)
  to   space 7168K, 0% used [0x00000000eea00000,0x00000000eea00000,0x00000000ef100000)
 ParOldGen       total 40960K, used 13335K [0x00000000c0000000, 0x00000000c2800000, 0x00000000eaa80000)
  object space 40960K, 32% used [0x00000000c0000000,0x00000000c0d05d08,0x00000000c2800000)
 PSPermGen       total 27136K, used 26917K [0x00000000b0000000, 0x00000000b1a80000, 0x00000000c0000000)
  object space 27136K, 99% used [0x00000000b0000000,0x00000000b1a49610,0x00000000b1a80000)
Event: 16.346 GC heap after
Heap after GC invocations=15 (full 0):
 PSYoungGen      total 72192K, used 7160K [0x00000000eaa80000, 0x00000000f2380000, 0x0000000100000000)
  eden space 65024K, 0% used [0x00000000eaa80000,0x00000000eaa80000,0x00000000eea00000)
  from space 7168K, 99% used [0x00000000eea00000,0x00000000ef0fe2f8,0x00000000ef100000)
  to   space 9728K, 0% used [0x00000000f1a00000,0x00000000f1a00000,0x00000000f2380000)
 ParOldGen       total 40960K, used 16328K [0x00000000c0000000, 0x00000000c2800000, 0x00000000eaa80000)
  object space 40960K, 39% used [0x00000000c0000000,0x00000000c0ff2380,0x00000000c2800000)
 PSPermGen       total 27136K, used 26917K [0x00000000b0000000, 0x00000000b1a80000, 0x00000000c0000000)
  object space 27136K, 99% used [0x00000000b0000000,0x00000000b1a49610,0x00000000b1a80000)
}
Event: 39.163 GC heap before
{Heap before GC invocations=16 (full 0):
 PSYoungGen      total 72192K, used 72184K [0x00000000eaa80000, 0x00000000f2380000, 0x0000000100000000)
  eden space 65024K, 100% used [0x00000000eaa80000,0x00000000eea00000,0x00000000eea00000)
  from space 7168K, 99% used [0x00000000eea00000,0x00000000ef0fe2f8,0x00000000ef100000)
  to   space 9728K, 0% used [0x00000000f1a00000,0x00000000f1a00000,0x00000000f2380000)
 ParOldGen       total 40960K, used 16328K [0x00000000c0000000, 0x00000000c2800000, 0x00000000eaa80000)
  object space 40960K, 39% used [0x00000000c0000000,0x00000000c0ff2380,0x00000000c2800000)
 PSPermGen       total 29696K, used 29516K [0x00000000b0000000, 0x00000000b1d00000, 0x00000000c0000000)
  object space 29696K, 99% used [0x00000000b0000000,0x00000000b1cd3118,0x00000000b1d00000)
Event: 39.173 GC heap after
Heap after GC invocations=16 (full 0):
 PSYoungGen      total 113152K, used 3099K [0x00000000eaa80000, 0x00000000f2280000, 0x0000000100000000)
  eden space 104448K, 0% used [0x00000000eaa80000,0x00000000eaa80000,0x00000000f1080000)
  from space 8704K, 35% used [0x00000000f1a00000,0x00000000f1d06f98,0x00000000f2280000)
  to   space 9216K, 0% used [0x00000000f1080000,0x00000000f1080000,0x00000000f1980000)
 ParOldGen       total 40960K, used 19433K [0x00000000c0000000, 0x00000000c2800000, 0x00000000eaa80000)
  object space 40960K, 47% used [0x00000000c0000000,0x00000000c12fa7d0,0x00000000c2800000)
 PSPermGen       total 29696K, used 29516K [0x00000000b0000000, 0x00000000b1d00000, 0x00000000c0000000)
  object space 29696K, 99% used [0x00000000b0000000,0x00000000b1cd3118,0x00000000b1d00000)
}
Event: 47.274 GC heap before
{Heap before GC invocations=17 (full 0):
 PSYoungGen      total 113152K, used 107547K [0x00000000eaa80000, 0x00000000f2280000, 0x0000000100000000)
  eden space 104448K, 100% used [0x00000000eaa80000,0x00000000f1080000,0x00000000f1080000)
  from space 8704K, 35% used [0x00000000f1a00000,0x00000000f1d06f98,0x00000000f2280000)
  to   space 9216K, 0% used [0x00000000f1080000,0x00000000f1080000,0x00000000f1980000)
 ParOldGen       total 40960K, used 19433K [0x00000000c0000000, 0x00000000c2800000, 0x00000000eaa80000)
  object space 40960K, 47% used [0x00000000c0000000,0x00000000c12fa7d0,0x00000000c2800000)
 PSPermGen       total 36864K, used 36585K [0x00000000b0000000, 0x00000000b2400000, 0x00000000c0000000)
  object space 36864K, 99% used [0x00000000b0000000,0x00000000b23ba588,0x00000000b2400000)
Event: 47.326 GC heap after
Heap after GC invocations=17 (full 0):
 PSYoungGen      total 113664K, used 9185K [0x00000000eaa80000, 0x00000000f2280000, 0x0000000100000000)
  eden space 104448K, 0% used [0x00000000eaa80000,0x00000000eaa80000,0x00000000f1080000)
  from space 9216K, 99% used [0x00000000f1080000,0x00000000f19786f0,0x00000000f1980000)
  to   space 8704K, 0% used [0x00000000f1a00000,0x00000000f1a00000,0x00000000f2280000)
 ParOldGen       total 40960K, used 26044K [0x00000000c0000000, 0x00000000c2800000, 0x00000000eaa80000)
  object space 40960K, 63% used [0x00000000c0000000,0x00000000c196f0b0,0x00000000c2800000)
 PSPermGen       total 36864K, used 36585K [0x00000000b0000000, 0x00000000b2400000, 0x00000000c0000000)
  object space 36864K, 99% used [0x00000000b0000000,0x00000000b23ba588,0x00000000b2400000)
}

